<?xml version="1.0" encoding="UTF-8"?>
<!-- Generated by org.testng.reporters.JUnitXMLReporter -->
<testsuite hostname="komal-HP" ignored="0" name="Default test" tests="3" failures="0" timestamp="2020-07-20T16:23:06 EDT" time="84.968" errors="0">
  <testcase name="verifyisSignUpLinkExistTest" time="8.753" classname="com.qa.hubspot.test.LoginPageTest"/>
  <testcase name="verifygetLoginPageTitleTest" time="0.016" classname="com.qa.hubspot.test.LoginPageTest"/>
  <testcase name="verifydologinTest" time="1.83" classname="com.qa.hubspot.test.LoginPageTest"/>
</testsuite> <!-- Default test -->
