<?xml version="1.0" encoding="UTF-8"?>
<!-- Generated by org.testng.reporters.JUnitXMLReporter -->
<testsuite hostname="komal-HP" ignored="0" name="HubSpot Feature Testing - login" tests="3" failures="0" timestamp="21 Jul 2020 04:29:58 GMT" time="18.587" errors="0">
  <testcase name="verifyisSignUpLinkExistTest" time="5.6" classname="com.qa.hubspot.test.LoginPageTest"/>
  <testcase name="verifygetLoginPageTitleTest" time="0.09" classname="com.qa.hubspot.test.LoginPageTest"/>
  <testcase name="verifydologinTest" time="0.903" classname="com.qa.hubspot.test.LoginPageTest"/>
</testsuite> <!-- HubSpot Feature Testing - login -->
