<?xml version="1.0" encoding="UTF-8"?>
<!-- Generated by org.testng.reporters.JUnitXMLReporter -->
<testsuite hostname="komal-HP" ignored="0" name="HubSpot Feature Testing - login" tests="3" failures="0" timestamp="2020-07-21T00:32:35 EDT" time="14.909" errors="0">
  <testcase name="verifyisSignUpLinkExistTest" time="5.66" classname="com.qa.hubspot.test.LoginPageTest"/>
  <testcase name="verifygetLoginPageTitleTest" time="0.017" classname="com.qa.hubspot.test.LoginPageTest"/>
  <testcase name="verifydologinTest" time="1.052" classname="com.qa.hubspot.test.LoginPageTest"/>
</testsuite> <!-- HubSpot Feature Testing - login -->
