<?xml version="1.0" encoding="UTF-8"?>
<testng-results skipped="0" failed="0" ignored="0" total="3" passed="3">
  <reporter-output>
  </reporter-output>
  <suite name="Hub spot Test automtion regression suite" duration-ms="14909" started-at="2020-07-21T00:32:20 EDT" finished-at="2020-07-21T00:32:35 EDT">
    <groups>
    </groups>
    <test name="HubSpot Feature Testing - login" duration-ms="14909" started-at="2020-07-21T00:32:20 EDT" finished-at="2020-07-21T00:32:35 EDT">
      <class name="com.qa.hubspot.test.LoginPageTest">
        <test-method status="PASS" signature="setup()[pri:0, instance:com.qa.hubspot.test.LoginPageTest@591e58fa]" name="setup" is-config="true" duration-ms="6998" started-at="2020-07-21T00:32:20 EDT" finished-at="2020-07-21T00:32:27 EDT">
          <reporter-output>
          </reporter-output>
        </test-method> <!-- setup -->
        <test-method status="PASS" signature="verifyisSignUpLinkExistTest()[pri:1, instance:com.qa.hubspot.test.LoginPageTest@591e58fa]" name="verifyisSignUpLinkExistTest" duration-ms="5660" started-at="2020-07-21T00:32:27 EDT" finished-at="2020-07-21T00:32:33 EDT">
          <reporter-output>
          </reporter-output>
        </test-method> <!-- verifyisSignUpLinkExistTest -->
        <test-method status="PASS" signature="verifygetLoginPageTitleTest()[pri:2, instance:com.qa.hubspot.test.LoginPageTest@591e58fa]" name="verifygetLoginPageTitleTest" duration-ms="17" started-at="2020-07-21T00:32:33 EDT" finished-at="2020-07-21T00:32:33 EDT">
          <reporter-output>
          </reporter-output>
        </test-method> <!-- verifygetLoginPageTitleTest -->
        <test-method status="PASS" signature="verifydologinTest()[pri:3, instance:com.qa.hubspot.test.LoginPageTest@591e58fa]" name="verifydologinTest" duration-ms="1052" started-at="2020-07-21T00:32:33 EDT" finished-at="2020-07-21T00:32:34 EDT">
          <reporter-output>
          </reporter-output>
        </test-method> <!-- verifydologinTest -->
        <test-method status="PASS" signature="tear_down()[pri:0, instance:com.qa.hubspot.test.LoginPageTest@591e58fa]" name="tear_down" is-config="true" duration-ms="623" started-at="2020-07-21T00:32:34 EDT" finished-at="2020-07-21T00:32:35 EDT">
          <reporter-output>
          </reporter-output>
        </test-method> <!-- tear_down -->
      </class> <!-- com.qa.hubspot.test.LoginPageTest -->
    </test> <!-- HubSpot Feature Testing - login -->
  </suite> <!-- Hub spot Test automtion regression suite -->
</testng-results>
